<?xml version="1.0" encoding="UTF-8"?>
<!-- Generated by org.testng.reporters.JUnitReportReporter -->
<testsuite hostname="DESKTOP-PJHK16S" failures="0" tests="2" name="PrasadProject.Tests.ErrorValidationsTest" time="22.711" errors="0" timestamp="2023-11-26T10:18:31 IST" skipped="0">
  <testcase classname="PrasadProject.Tests.ErrorValidationsTest" name="loginErrorValidation" time="10.446"/>
  <testcase classname="PrasadProject.Tests.ErrorValidationsTest" name="productErrorValidation" time="12.265"/>
</testsuite> <!-- PrasadProject.Tests.ErrorValidationsTest -->
